DEBUG:root:Start from command line atThu May 20 22:26:53 2021
DEBUG:root:Dirpath : /home/lmx/Desktop/tikz_beautifier/python filename main.py
INFO:root:Startingopen_file
INFO:root:Startingtikz_beautifier
DEBUG:root:Dirpath : /home/lmx/Desktop/tikz_beautifier/python filename main.py
INFO:root:Generating Latex file
INFO:root:Startingset_colors
INFO:root:Startingshow_source
INFO:root:source :
\documentclass[10pt]{article}
\usepackage{pgfplots}
\pgfplotsset{compat=1.15}
\usepackage{mathrsfs}
\usetikzlibrary{arrows}
\pagestyle{empty}
\begin{document}
\definecolor{ududff}{rgb}{0.30196078431372547,0.30196078431372547,1}
\begin{tikzpicture}[line cap=round,line join=round,>=triangle 45,x=1cm,y=1cm]
\begin{axis}[
x=1cm,y=1cm,
axis lines=middle,
ymajorgrids=true,
xmajorgrids=true,
xmin=-10.52,
xmax=10.52,
ymin=-9.27,
ymax=4.71,
xtick={-10,-9,...,10},
ytick={-9,-8,...,4},]
\clip(-10.52,-9.27) rectangle (10.52,4.71);
\draw [line width=2pt,domain=-10.52:10.52] plot(\x,{(--12.3492--0.8*\x)/3.72});
\draw [line width=2pt] (-3.3,2.61) circle (1.755591068557823cm);
\begin{scriptsize}
\draw [fill=ududff] (-7.02,1.81) circle (2.5pt);
\draw[color=ududff] (-6.86,2.24) node {$A$};
\draw [fill=ududff] (-3.3,2.61) circle (2.5pt);
\draw[color=ududff] (-3.14,3.04) node {$B$};
\draw[color=black] (-10.34,1.02) node {$f$};
\draw [fill=ududff] (-4,1) circle (2.5pt);
\draw[color=ududff] (-3.84,1.42) node {$C$};
\draw[color=black] (-4.1,3.94) node {$c$};
\end{scriptsize}
\end{axis}
\end{tikzpicture}
\end{document}

DEBUG:root:Passingset_clip
INFO:root:Startinground_digit
INFO:root:Startingsort_lines
DEBUG:root:Passingtikz_only
INFO:root:Startingget_result
INFO:root:Startingshow_result
DEBUG:root:Passingsave
DEBUG:root:End atThu May 20 22:26:53 2021s
DEBUG:root:Start from command line atThu May 20 22:27:16 2021
DEBUG:root:Dirpath : /home/lmx/Desktop/tikz_beautifier/python filename main.py
INFO:root:Startingopen_file
INFO:root:Startingtikz_beautifier
DEBUG:root:Dirpath : /home/lmx/Desktop/tikz_beautifier/python filename main.py
INFO:root:Generating Latex file
INFO:root:Startingset_colors
INFO:root:Startingshow_source
INFO:root:source :
\documentclass[10pt]{article}
\usepackage{pgfplots}
\pgfplotsset{compat=1.15}
\usepackage{mathrsfs}
\usetikzlibrary{arrows}
\pagestyle{empty}
\begin{document}
\definecolor{ududff}{rgb}{0.30196078431372547,0.30196078431372547,1}
\begin{tikzpicture}[line cap=round,line join=round,>=triangle 45,x=1cm,y=1cm]
\begin{axis}[
x=1cm,y=1cm,
axis lines=middle,
ymajorgrids=true,
xmajorgrids=true,
xmin=-10.52,
xmax=10.52,
ymin=-9.27,
ymax=4.71,
xtick={-10,-9,...,10},
ytick={-9,-8,...,4},]
\clip(-10.52,-9.27) rectangle (10.52,4.71);
\draw [line width=2pt,domain=-10.52:10.52] plot(\x,{(--12.3492--0.8*\x)/3.72});
\draw [line width=2pt] (-3.3,2.61) circle (1.755591068557823cm);
\begin{scriptsize}
\draw [fill=ududff] (-7.02,1.81) circle (2.5pt);
\draw[color=ududff] (-6.86,2.24) node {$A$};
\draw [fill=ududff] (-3.3,2.61) circle (2.5pt);
\draw[color=ududff] (-3.14,3.04) node {$B$};
\draw[color=black] (-10.34,1.02) node {$f$};
\draw [fill=ududff] (-4,1) circle (2.5pt);
\draw[color=ududff] (-3.84,1.42) node {$C$};
\draw[color=black] (-4.1,3.94) node {$c$};
\end{scriptsize}
\end{axis}
\end{tikzpicture}
\end{document}

DEBUG:root:Passingset_clip
INFO:root:Startinground_digit
INFO:root:Startingsort_lines
DEBUG:root:Passingtikz_only
INFO:root:Startingget_result
INFO:root:Startingshow_result
DEBUG:root:Passingsave
DEBUG:root:End atThu May 20 22:27:16 2021s
DEBUG:root:Start from command line atThu May 20 22:29:04 2021
DEBUG:root:Dirpath : /home/lmx/Desktop/tikz_beautifier/python filename main.py
INFO:root:Startingopen_file
INFO:root:Startingtikz_beautifier
DEBUG:root:Dirpath : /home/lmx/Desktop/tikz_beautifier/python filename main.py
INFO:root:Generating Latex file
INFO:root:Startingset_colors
INFO:root:Startingshow_source
INFO:root:source :
\documentclass[10pt]{article}
\usepackage{pgfplots}
\pgfplotsset{compat=1.15}
\usepackage{mathrsfs}
\usetikzlibrary{arrows}
\pagestyle{empty}
\begin{document}
\definecolor{ududff}{rgb}{0.30196078431372547,0.30196078431372547,1}
\begin{tikzpicture}[line cap=round,line join=round,>=triangle 45,x=1cm,y=1cm]
\begin{axis}[
x=1cm,y=1cm,
axis lines=middle,
ymajorgrids=true,
xmajorgrids=true,
xmin=-10.52,
xmax=10.52,
ymin=-9.27,
ymax=4.71,
xtick={-10,-9,...,10},
ytick={-9,-8,...,4},]
\clip(-10.52,-9.27) rectangle (10.52,4.71);
\draw [line width=2pt,domain=-10.52:10.52] plot(\x,{(--12.3492--0.8*\x)/3.72});
\draw [line width=2pt] (-3.3,2.61) circle (1.755591068557823cm);
\begin{scriptsize}
\draw [fill=ududff] (-7.02,1.81) circle (2.5pt);
\draw[color=ududff] (-6.86,2.24) node {$A$};
\draw [fill=ududff] (-3.3,2.61) circle (2.5pt);
\draw[color=ududff] (-3.14,3.04) node {$B$};
\draw[color=black] (-10.34,1.02) node {$f$};
\draw [fill=ududff] (-4,1) circle (2.5pt);
\draw[color=ududff] (-3.84,1.42) node {$C$};
\draw[color=black] (-4.1,3.94) node {$c$};
\end{scriptsize}
\end{axis}
\end{tikzpicture}
\end{document}

DEBUG:root:Passingset_clip
INFO:root:Startinground_digit
INFO:root:Startingsort_lines
DEBUG:root:Passingtikz_only
INFO:root:Startingget_result
INFO:root:Startingshow_result
INFO:root:\documentclass[10pt]{article}
\usepackage{pgfplots}
\pgfplotsset{compat=1.15}
\usepackage{mathrsfs}
\usetikzlibrary{arrows}
\pagestyle{empty}
\begin{document}
	\definecolor{Neon_Blue}{rgb}{0.302,0.302,1}
	\begin{tikzpicture}[line cap=round,line join=round,>=triangle 45,x=1cm,y=1cm]
		\begin{axis}[
				x=1cm,y=1cm,
				axis lines=middle,
				ymajorgrids=true,
				xmajorgrids=true,
				xmin=-10.52,
				xmax=10.52,
				ymin=-9.27,
				ymax=4.71,
				xtick={-10,-9,... ,10},
				ytick={-9,-8,... ,4},]
			\clip(-10.52,-9.27) rectangle (10.52,4.71);
			\draw[line width=2pt,domain=-10.52:10.52] plot (\x,{(--12.3492--0.8*\x)/3.72});
			\draw[line width=2pt](-3.3,2.61) circle (1.755591068557823cm);
			\begin{scriptsize}
				\draw[fill=Neon_Blue](-7.02,1.81) circle (2.5pt);
				\draw[color=Neon_Blue](-6.86,2.24) node {$A$};
				\draw[fill=Neon_Blue](-3.3,2.61) circle (2.5pt);
				\draw[color=Neon_Blue](-3.14,3.04) node {$B$};
				\draw[color=black](-10.34,1.02) node {$f$};
				\draw[fill=Neon_Blue](-4,1) circle (2.5pt);
				\draw[color=Neon_Blue](-3.84,1.42) node {$C$};
				\draw[color=black](-4.1,3.94) node {$c$};
			\end{scriptsize}
		\end{axis}
	\end{tikzpicture}
\end{document}

DEBUG:root:Passingsave
DEBUG:root:End atThu May 20 22:29:04 2021s
DEBUG:root:Start from command line atThu May 20 22:29:46 2021
DEBUG:root:Dirpath : /home/lmx/Desktop/tikz_beautifier/python filename main.py
INFO:root:Startingopen_file
INFO:root:Startingtikz_beautifier
DEBUG:root:Start from function atThu May 20 22:29:46 2021
DEBUG:root:Dirpath : /home/lmx/Desktop/tikz_beautifier/python filename main.py
INFO:root:Generating Latex file
INFO:root:Startingset_colors
INFO:root:Startingshow_source
INFO:root:source :
\documentclass[10pt]{article}
\usepackage{pgfplots}
\pgfplotsset{compat=1.15}
\usepackage{mathrsfs}
\usetikzlibrary{arrows}
\pagestyle{empty}
\begin{document}
\definecolor{ududff}{rgb}{0.30196078431372547,0.30196078431372547,1}
\begin{tikzpicture}[line cap=round,line join=round,>=triangle 45,x=1cm,y=1cm]
\begin{axis}[
x=1cm,y=1cm,
axis lines=middle,
ymajorgrids=true,
xmajorgrids=true,
xmin=-10.52,
xmax=10.52,
ymin=-9.27,
ymax=4.71,
xtick={-10,-9,...,10},
ytick={-9,-8,...,4},]
\clip(-10.52,-9.27) rectangle (10.52,4.71);
\draw [line width=2pt,domain=-10.52:10.52] plot(\x,{(--12.3492--0.8*\x)/3.72});
\draw [line width=2pt] (-3.3,2.61) circle (1.755591068557823cm);
\begin{scriptsize}
\draw [fill=ududff] (-7.02,1.81) circle (2.5pt);
\draw[color=ududff] (-6.86,2.24) node {$A$};
\draw [fill=ududff] (-3.3,2.61) circle (2.5pt);
\draw[color=ududff] (-3.14,3.04) node {$B$};
\draw[color=black] (-10.34,1.02) node {$f$};
\draw [fill=ududff] (-4,1) circle (2.5pt);
\draw[color=ududff] (-3.84,1.42) node {$C$};
\draw[color=black] (-4.1,3.94) node {$c$};
\end{scriptsize}
\end{axis}
\end{tikzpicture}
\end{document}

DEBUG:root:Passingset_clip
INFO:root:Startinground_digit
INFO:root:Startingsort_lines
DEBUG:root:Passingtikz_only
INFO:root:Startingget_result
INFO:root:Startingshow_result
INFO:root:\documentclass[10pt]{article}
\usepackage{pgfplots}
\pgfplotsset{compat=1.15}
\usepackage{mathrsfs}
\usetikzlibrary{arrows}
\pagestyle{empty}
\begin{document}
	\definecolor{Neon_Blue}{rgb}{0.302,0.302,1}
	\begin{tikzpicture}[line cap=round,line join=round,>=triangle 45,x=1cm,y=1cm]
		\begin{axis}[
				x=1cm,y=1cm,
				axis lines=middle,
				ymajorgrids=true,
				xmajorgrids=true,
				xmin=-10.52,
				xmax=10.52,
				ymin=-9.27,
				ymax=4.71,
				xtick={-10,-9,... ,10},
				ytick={-9,-8,... ,4},]
			\clip(-10.52,-9.27) rectangle (10.52,4.71);
			\draw[line width=2pt,domain=-10.52:10.52] plot (\x,{(--12.3492--0.8*\x)/3.72});
			\draw[line width=2pt](-3.3,2.61) circle (1.755591068557823cm);
			\begin{scriptsize}
				\draw[fill=Neon_Blue](-7.02,1.81) circle (2.5pt);
				\draw[color=Neon_Blue](-6.86,2.24) node {$A$};
				\draw[fill=Neon_Blue](-3.3,2.61) circle (2.5pt);
				\draw[color=Neon_Blue](-3.14,3.04) node {$B$};
				\draw[color=black](-10.34,1.02) node {$f$};
				\draw[fill=Neon_Blue](-4,1) circle (2.5pt);
				\draw[color=Neon_Blue](-3.84,1.42) node {$C$};
				\draw[color=black](-4.1,3.94) node {$c$};
			\end{scriptsize}
		\end{axis}
	\end{tikzpicture}
\end{document}

DEBUG:root:Passingsave
DEBUG:root:End atThu May 20 22:29:46 2021s
DEBUG:root:Start from command line atThu May 20 22:29:53 2021
DEBUG:root:Dirpath : /home/lmx/Desktop/tikz_beautifier/python filename main.py
INFO:root:Startingopen_file
INFO:root:Startingtikz_beautifier
DEBUG:root:Start from function atThu May 20 22:29:53 2021
DEBUG:root:Dirpath : /home/lmx/Desktop/tikz_beautifier/python filename main.py
INFO:root:Generating Latex file
INFO:root:Startingset_colors
INFO:root:Startingshow_source
INFO:root:source :
\documentclass[10pt]{article}
\usepackage{pgfplots}
\pgfplotsset{compat=1.15}
\usepackage{mathrsfs}
\usetikzlibrary{arrows}
\pagestyle{empty}
\begin{document}
\definecolor{ududff}{rgb}{0.30196078431372547,0.30196078431372547,1}
\begin{tikzpicture}[line cap=round,line join=round,>=triangle 45,x=1cm,y=1cm]
\begin{axis}[
x=1cm,y=1cm,
axis lines=middle,
ymajorgrids=true,
xmajorgrids=true,
xmin=-10.52,
xmax=10.52,
ymin=-9.27,
ymax=4.71,
xtick={-10,-9,...,10},
ytick={-9,-8,...,4},]
\clip(-10.52,-9.27) rectangle (10.52,4.71);
\draw [line width=2pt,domain=-10.52:10.52] plot(\x,{(--12.3492--0.8*\x)/3.72});
\draw [line width=2pt] (-3.3,2.61) circle (1.755591068557823cm);
\begin{scriptsize}
\draw [fill=ududff] (-7.02,1.81) circle (2.5pt);
\draw[color=ududff] (-6.86,2.24) node {$A$};
\draw [fill=ududff] (-3.3,2.61) circle (2.5pt);
\draw[color=ududff] (-3.14,3.04) node {$B$};
\draw[color=black] (-10.34,1.02) node {$f$};
\draw [fill=ududff] (-4,1) circle (2.5pt);
\draw[color=ududff] (-3.84,1.42) node {$C$};
\draw[color=black] (-4.1,3.94) node {$c$};
\end{scriptsize}
\end{axis}
\end{tikzpicture}
\end{document}

DEBUG:root:Passingset_clip
INFO:root:Startinground_digit
INFO:root:Startingsort_lines
DEBUG:root:Passingtikz_only
INFO:root:Startingget_result
INFO:root:Startingshow_result
INFO:root:\documentclass[10pt]{article}
\usepackage{pgfplots}
\pgfplotsset{compat=1.15}
\usepackage{mathrsfs}
\usetikzlibrary{arrows}
\pagestyle{empty}
\begin{document}
	\definecolor{Neon_Blue}{rgb}{0.302,0.302,1}
	\begin{tikzpicture}[line cap=round,line join=round,>=triangle 45,x=1cm,y=1cm]
		\begin{axis}[
				x=1cm,y=1cm,
				axis lines=middle,
				ymajorgrids=true,
				xmajorgrids=true,
				xmin=-10.52,
				xmax=10.52,
				ymin=-9.27,
				ymax=4.71,
				xtick={-10,-9,... ,10},
				ytick={-9,-8,... ,4},]
			\clip(-10.52,-9.27) rectangle (10.52,4.71);
			\draw[line width=2pt,domain=-10.52:10.52] plot (\x,{(--12.3492--0.8*\x)/3.72});
			\draw[line width=2pt](-3.3,2.61) circle (1.755591068557823cm);
			\begin{scriptsize}
				\draw[fill=Neon_Blue](-7.02,1.81) circle (2.5pt);
				\draw[color=Neon_Blue](-6.86,2.24) node {$A$};
				\draw[fill=Neon_Blue](-3.3,2.61) circle (2.5pt);
				\draw[color=Neon_Blue](-3.14,3.04) node {$B$};
				\draw[color=black](-10.34,1.02) node {$f$};
				\draw[fill=Neon_Blue](-4,1) circle (2.5pt);
				\draw[color=Neon_Blue](-3.84,1.42) node {$C$};
				\draw[color=black](-4.1,3.94) node {$c$};
			\end{scriptsize}
		\end{axis}
	\end{tikzpicture}
\end{document}

DEBUG:root:Passingsave
DEBUG:root:End atThu May 20 22:29:53 2021s
